<?xml version="1.0" encoding="UTF-8"?>
<!-- Generated by org.testng.reporters.JUnitReportReporter -->
<testsuite skipped="0" hostname="rakesh" name="two_emulators.Main" tests="1" failures="0" timestamp="13 Apr 2018 08:43:02 GMT" time="0.022" errors="0">
  <testcase name="go" time="0.022" classname="two_emulators.Main"/>
</testsuite> <!-- two_emulators.Main -->
