<?xml version="1.0" encoding="UTF-8"?>
<!-- Generated by org.testng.reporters.JUnitReportReporter -->
<testsuite skipped="0" hostname="rakesh" name="com.maven.sample.DataProviderTest" tests="2" failures="0" timestamp="12 Apr 2018 10:46:57 GMT" time="0.010" errors="0">
  <testcase name="testDataProvider" time="0.001" classname="com.maven.sample.DataProviderTest"/>
  <testcase name="testDataProvider" time="0.009" classname="com.maven.sample.DataProviderTest"/>
</testsuite> <!-- com.maven.sample.DataProviderTest -->
