<?xml version="1.0" encoding="UTF-8"?>
<!-- Generated by org.testng.reporters.JUnitReportReporter -->
<testsuite skipped="0" hostname="rakesh" name="com.maven.sample.Practice2" tests="1" failures="0" timestamp="28 Jun 2018 05:47:17 GMT" time="0.019" errors="0">
  <testcase name="vevo" time="0.019" classname="com.maven.sample.Practice2"/>
</testsuite> <!-- com.maven.sample.Practice2 -->
