<?xml version="1.0" encoding="UTF-8"?>
<!-- Generated by org.testng.reporters.JUnitReportReporter -->
<testsuite hostname="narasimha-desktop" name="com.maven.sample.Pagination_Test" tests="1" failures="0" timestamp="4 Jan 2018 08:34:00 GMT" time="22.470" errors="0">
  <testcase name="testPagination" time="22.470" classname="com.maven.sample.Pagination_Test"/>
</testsuite> <!-- com.maven.sample.Pagination_Test -->
