<?xml version="1.0" encoding="UTF-8"?>
<!-- Generated by org.testng.reporters.JUnitReportReporter -->
<testsuite skipped="0" hostname="rakesh" name="appium.AppiumBase" tests="1" failures="0" timestamp="07 Jul 2018 09:15:13 GMT" time="99.950" errors="0">
  <testcase name="aTestBase" time="99.950" classname="appium.AppiumBase"/>
</testsuite> <!-- appium.AppiumBase -->
