<?xml version="1.0" encoding="UTF-8"?>
<!-- Generated by org.testng.reporters.JUnitReportReporter -->
<testsuite skipped="0" hostname="rakesh" name="troop.Reject" tests="1" failures="0" timestamp="17 Apr 2018 13:02:03 GMT" time="36.370" errors="0">
  <testcase name="testReject" time="36.370" classname="troop.Reject"/>
</testsuite> <!-- troop.Reject -->
