<?xml version="1.0" encoding="UTF-8"?>
<!-- Generated by org.testng.reporters.JUnitReportReporter -->
<testsuite skipped="0" hostname="rakesh" name="com.maven.sample.Practice1" tests="3" failures="0" timestamp="19 Apr 2018 10:05:42 GMT" time="0.016" errors="0">
  <testcase name="testCSV" time="0.002" classname="com.maven.sample.Practice1"/>
  <testcase name="testCSV" time="0.002" classname="com.maven.sample.Practice1"/>
  <testcase name="testCSV" time="0.012" classname="com.maven.sample.Practice1"/>
</testsuite> <!-- com.maven.sample.Practice1 -->
