<?xml version="1.0" encoding="UTF-8"?>
<!-- Generated by org.testng.reporters.JUnitReportReporter -->
<testsuite skipped="0" hostname="rakesh" name="com.maven.sample.AppiumBase" tests="3" failures="0" timestamp="22 Feb 2018 10:29:04 GMT" time="98.472" errors="0">
  <testcase name="sendMsg" time="29.890" classname="com.maven.sample.AppiumBase"/>
  <testcase name="aTestBase" time="68.408" classname="com.maven.sample.AppiumBase"/>
  <testcase name="z" time="0.174" classname="com.maven.sample.AppiumBase"/>
</testsuite> <!-- com.maven.sample.AppiumBase -->
