<?xml version="1.0" encoding="UTF-8"?>
<!-- Generated by org.testng.reporters.JUnitReportReporter -->
<testsuite skipped="0" hostname="rakesh" name="com.maven.sample.BasicTest" tests="1" failures="0" timestamp="23 Mar 2018 12:00:54 GMT" time="4.256" errors="0">
  <testcase name="testSeleniumBase" time="4.256" classname="com.maven.sample.BasicTest"/>
</testsuite> <!-- com.maven.sample.BasicTest -->
