<?xml version="1.0" encoding="UTF-8"?>
<!-- Generated by org.testng.reporters.JUnitReportReporter -->
<testsuite skipped="0" hostname="rakesh" name="com.maven.sample.Main" tests="1" failures="0" timestamp="23 Feb 2018 10:41:01 GMT" time="0.013" errors="0">
  <testcase name="task" time="0.013" classname="com.maven.sample.Main"/>
</testsuite> <!-- com.maven.sample.Main -->
