<?xml version="1.0" encoding="UTF-8"?>
<!-- Generated by org.testng.reporters.JUnitReportReporter -->
<testsuite skipped="0" hostname="rakesh" name="extent_reports.Naukri_Window_Handles" tests="1" failures="0" timestamp="29 May 2018 09:52:23 GMT" time="11.790" errors="0">
  <testcase name="closeNaukriWindows" time="11.790" classname="extent_reports.Naukri_Window_Handles"/>
</testsuite> <!-- extent_reports.Naukri_Window_Handles -->
