<?xml version="1.0" encoding="UTF-8"?>
<!-- Generated by org.testng.reporters.JUnitReportReporter -->
<testsuite skipped="0" hostname="rakesh" name="com.maven.sample.Practice2" tests="1" failures="0" timestamp="06 Jun 2018 04:56:53 GMT" time="0.012" errors="0">
  <testcase name="a" time="0.012" classname="com.maven.sample.Practice2"/>
</testsuite> <!-- com.maven.sample.Practice2 -->
