<?xml version="1.0" encoding="UTF-8"?>
<!-- Generated by org.testng.reporters.JUnitReportReporter -->
<testsuite skipped="0" hostname="rakesh" name="com.maven.sample.Practice1" tests="1" failures="0" timestamp="09 Apr 2018 11:43:17 GMT" time="2.728" errors="0">
  <testcase name="testPractice" time="2.728" classname="com.maven.sample.Practice1"/>
</testsuite> <!-- com.maven.sample.Practice1 -->
