<?xml version="1.0" encoding="UTF-8"?>
<!-- Generated by org.testng.reporters.JUnitReportReporter -->
<testsuite skipped="0" hostname="rakesh" name="com.maven.sample.Practice3" tests="1" failures="0" timestamp="08 May 2018 12:55:40 GMT" time="0.137" errors="0">
  <testcase name="demo" time="0.137" classname="com.maven.sample.Practice3"/>
</testsuite> <!-- com.maven.sample.Practice3 -->
