<?xml version="1.0" encoding="UTF-8"?>
<!-- Generated by org.testng.reporters.JUnitReportReporter -->
<testsuite skipped="0" hostname="rakesh" name="pizzahut.TestCase_1" tests="1" failures="0" timestamp="12 Jun 2018 07:33:51 GMT" time="9.983" errors="0">
  <testcase name="testTestCase_1" time="9.983" classname="pizzahut.TestCase_1"/>
</testsuite> <!-- pizzahut.TestCase_1 -->
