<?xml version="1.0" encoding="UTF-8"?>
<!-- Generated by org.testng.reporters.JUnitReportReporter -->
<testsuite skipped="0" hostname="rakesh" name="com.maven.sample.SeleniumBase" tests="1" failures="0" timestamp="01 May 2018 09:09:34 GMT" time="4.856" errors="0">
  <testcase name="testSeleniumBase" time="4.856" classname="com.maven.sample.SeleniumBase"/>
</testsuite> <!-- com.maven.sample.SeleniumBase -->
