<?xml version="1.0" encoding="UTF-8"?>
<!-- Generated by org.testng.reporters.JUnitReportReporter -->
<testsuite hostname="narasimha-desktop" name="com.maven.sample.HashTable" tests="3" failures="0" timestamp="3 Jan 2018 12:47:25 GMT" time="0.016" errors="0">
  <testcase name="demo" time="0.002" classname="com.maven.sample.HashTable"/>
  <testcase name="demo" time="0.001" classname="com.maven.sample.HashTable"/>
  <testcase name="demo" time="0.013" classname="com.maven.sample.HashTable"/>
</testsuite> <!-- com.maven.sample.HashTable -->
