<?xml version="1.0" encoding="UTF-8"?>
<!-- Generated by org.testng.reporters.JUnitReportReporter -->
<testsuite skipped="0" hostname="rakesh" name="com.simple.maven.artisimple.Flipkart" tests="1" failures="0" timestamp="22 Feb 2018 04:37:11 GMT" time="4.932" errors="0">
  <testcase name="test" time="4.932" classname="com.simple.maven.artisimple.Flipkart"/>
</testsuite> <!-- com.simple.maven.artisimple.Flipkart -->
