<?xml version="1.0" encoding="UTF-8"?>
<!-- Generated by org.testng.reporters.JUnitReportReporter -->
<testsuite skipped="0" hostname="rakesh" name="extent_reports.Extent_reports_screenShots" tests="1" failures="0" timestamp="24 May 2018 13:21:12 GMT" time="6.181" errors="0">
  <testcase name="freeCrmTitleTest" time="6.181" classname="extent_reports.Extent_reports_screenShots"/>
</testsuite> <!-- extent_reports.Extent_reports_screenShots -->
