<?xml version="1.0" encoding="UTF-8"?>
<!-- Generated by org.testng.reporters.JUnitReportReporter -->
<testsuite skipped="0" hostname="rakesh" name="com.maven.sample.Pagination_Test" tests="1" failures="0" timestamp="01 Jun 2018 07:14:30 GMT" time="18.480" errors="0">
  <testcase name="testPagination" time="18.480" classname="com.maven.sample.Pagination_Test"/>
</testsuite> <!-- com.maven.sample.Pagination_Test -->
