<?xml version="1.0" encoding="UTF-8"?>
<!-- Generated by org.testng.reporters.JUnitReportReporter -->
<testsuite skipped="0" hostname="rakesh" name="com.maven.sample.Practice3" tests="1" failures="0" timestamp="08 May 2018 12:00:35 GMT" time="9.348" errors="0">
  <testcase name="demo" time="9.348" classname="com.maven.sample.Practice3"/>
</testsuite> <!-- com.maven.sample.Practice3 -->
