<?xml version="1.0" encoding="UTF-8"?>
<!-- Generated by org.testng.reporters.JUnitReportReporter -->
<testsuite skipped="0" hostname="rakesh" name="com.maven.sample.Naukri_Window_Handles" tests="1" failures="0" timestamp="03 Apr 2018 04:31:07 GMT" time="5.492" errors="0">
  <testcase name="test_CloseAllWindowsExceptMainWindow" time="5.492" classname="com.maven.sample.Naukri_Window_Handles"/>
</testsuite> <!-- com.maven.sample.Naukri_Window_Handles -->
