<?xml version="1.0" encoding="UTF-8"?>
<!-- Generated by org.testng.reporters.JUnitReportReporter -->
<testsuite skipped="0" hostname="rakesh" name="com.maven.sample.Practice" tests="1" failures="0" timestamp="03 Apr 2018 05:47:29 GMT" time="6.453" errors="0">
  <testcase name="test" time="6.453" classname="com.maven.sample.Practice"/>
</testsuite> <!-- com.maven.sample.Practice -->
