<?xml version="1.0" encoding="UTF-8"?>
<!-- Generated by org.testng.reporters.JUnitReportReporter -->
<testsuite skipped="0" hostname="rakesh" name="com.maven.sample.Practice" tests="1" failures="0" timestamp="07 Apr 2018 05:09:23 GMT" time="14.424" errors="0">
  <testcase name="testPractice" time="14.424" classname="com.maven.sample.Practice"/>
</testsuite> <!-- com.maven.sample.Practice -->
