<?xml version="1.0" encoding="UTF-8"?>
<!-- Generated by org.testng.reporters.JUnitReportReporter -->
<testsuite skipped="0" hostname="rakesh" name="com.maven.sample.DataProviderTest" tests="2" failures="0" timestamp="13 Apr 2018 08:43:02 GMT" time="0.004" errors="0">
  <testcase name="testDataProvider" time="0.002" classname="com.maven.sample.DataProviderTest"/>
  <testcase name="testDataProvider" time="0.002" classname="com.maven.sample.DataProviderTest"/>
</testsuite> <!-- com.maven.sample.DataProviderTest -->
