<?xml version="1.0" encoding="UTF-8"?>
<!-- Generated by org.testng.reporters.JUnitReportReporter -->
<testsuite skipped="0" hostname="rakesh" name="com.maven.sample.AppiumBase" tests="1" failures="0" timestamp="09 Mar 2018 12:25:57 GMT" time="74.438" errors="0">
  <testcase name="aTestBase" time="74.438" classname="com.maven.sample.AppiumBase"/>
</testsuite> <!-- com.maven.sample.AppiumBase -->
