<?xml version="1.0" encoding="UTF-8"?>
<!-- Generated by org.testng.reporters.JUnitReportReporter -->
<testsuite skipped="0" hostname="rakesh" name="com.maven.sample.SeleniumBase" tests="1" failures="0" timestamp="03 Apr 2018 09:50:39 GMT" time="0.011" errors="0">
  <testcase name="run" time="0.011" classname="com.maven.sample.SeleniumBase"/>
</testsuite> <!-- com.maven.sample.SeleniumBase -->
