<?xml version="1.0" encoding="UTF-8"?>
<!-- Generated by org.testng.reporters.JUnitReportReporter -->
<testsuite skipped="0" hostname="rakesh" name="practice.RunEmulators" tests="1" failures="0" timestamp="13 Apr 2018 08:43:02 GMT" time="0.007" errors="0">
  <testcase name="go" time="0.007" classname="practice.RunEmulators"/>
</testsuite> <!-- practice.RunEmulators -->
