<?xml version="1.0" encoding="UTF-8"?>
<!-- Generated by org.testng.reporters.JUnitReportReporter -->
<testsuite hostname="narasimha-desktop" name="com.maven.sample.SendEmail" tests="1" failures="0" timestamp="3 Jan 2018 06:56:06 GMT" time="3.947" errors="0">
  <testcase name="email" time="3.947" classname="com.maven.sample.SendEmail"/>
</testsuite> <!-- com.maven.sample.SendEmail -->
