<?xml version="1.0" encoding="UTF-8"?>
<!-- Generated by org.testng.reporters.JUnitReportReporter -->
<testsuite skipped="0" hostname="rakesh" name="utils.Otp" tests="1" failures="0" timestamp="28 Jun 2018 06:45:40 GMT" time="9.641" errors="0">
  <testcase name="demo" time="9.641" classname="utils.Otp"/>
</testsuite> <!-- utils.Otp -->
