<?xml version="1.0" encoding="UTF-8"?>
<!-- Generated by org.testng.reporters.JUnitReportReporter -->
<testsuite skipped="0" hostname="rakesh" name="com.maven.sample.Beehomes_sub" tests="2" failures="0" timestamp="20 Apr 2018 15:37:36 GMT" time="36.018" errors="0">
  <testcase name="use" time="22.529" classname="com.maven.sample.Beehomes_sub"/>
  <testcase name="testBase" time="13.489" classname="com.maven.sample.Beehomes_sub"/>
</testsuite> <!-- com.maven.sample.Beehomes_sub -->
