<?xml version="1.0" encoding="UTF-8"?>
<!-- Generated by org.testng.reporters.JUnitReportReporter -->
<testsuite skipped="0" hostname="rakesh" name="extent_reports.Naukri_Window_Handles" tests="1" failures="0" timestamp="13 Apr 2018 08:55:54 GMT" time="7.388" errors="0">
  <testcase name="closeNaukriWindows" time="7.388" classname="extent_reports.Naukri_Window_Handles"/>
</testsuite> <!-- extent_reports.Naukri_Window_Handles -->
