<?xml version="1.0" encoding="UTF-8"?>
<!-- Generated by org.testng.reporters.JUnitReportReporter -->
<testsuite skipped="0" hostname="rakesh" name="com.maven.sample.Practice3" tests="2" failures="0" timestamp="26 Apr 2018 10:20:25 GMT" time="0.008" errors="0">
  <testcase name="testCase2" time="0.002" classname="com.maven.sample.Practice3"/>
  <testcase name="testCase1" time="0.006" classname="com.maven.sample.Practice3"/>
</testsuite> <!-- com.maven.sample.Practice3 -->
