<?xml version="1.0" encoding="UTF-8"?>
<!-- Generated by org.testng.reporters.JUnitReportReporter -->
<testsuite skipped="0" hostname="rakesh" name="com.maven.sample.Practice2" tests="3" failures="0" timestamp="12 Jun 2018 04:55:10 GMT" time="0.011" errors="0">
  <testcase name="demo" time="0.009" classname="com.maven.sample.Practice2"/>
  <testcase name="demo" time="0.001" classname="com.maven.sample.Practice2"/>
  <testcase name="demo" time="0.001" classname="com.maven.sample.Practice2"/>
</testsuite> <!-- com.maven.sample.Practice2 -->
