<?xml version="1.0" encoding="UTF-8"?>
<!-- Generated by org.testng.reporters.JUnitReportReporter -->
<testsuite skipped="0" hostname="rakesh" name="com.maven.sample.Date" tests="1" failures="0" timestamp="13 Jun 2018 05:49:33 GMT" time="5.302" errors="0">
  <testcase name="def" time="5.302" classname="com.maven.sample.Date"/>
</testsuite> <!-- com.maven.sample.Date -->
