<?xml version="1.0" encoding="UTF-8"?>
<!-- Generated by org.testng.reporters.JUnitReportReporter -->
<testsuite skipped="1" hostname="rakesh" name="com.maven.sample.Practice2" tests="1" failures="0" timestamp="03 Apr 2018 09:14:10 GMT" time="0.000" errors="0">
  <testcase name="demo" time="0.000" classname="com.maven.sample.Practice2">
    <skipped/>
  </testcase> <!-- demo -->
</testsuite> <!-- com.maven.sample.Practice2 -->
