<?xml version="1.0" encoding="UTF-8"?>
<!-- Generated by org.testng.reporters.JUnitReportReporter -->
<testsuite skipped="0" hostname="rakesh" name="com.maven.sample.DemoSend" tests="1" failures="0" timestamp="17 Mar 2018 06:44:10 GMT" time="0.010" errors="0">
  <testcase name="testDemo" time="0.010" classname="com.maven.sample.DemoSend"/>
</testsuite> <!-- com.maven.sample.DemoSend -->
