<?xml version="1.0" encoding="UTF-8"?>
<!-- Generated by org.testng.reporters.JUnitReportReporter -->
<testsuite skipped="0" hostname="rakesh" name="com.maven.sample.Practice1" tests="2" failures="0" timestamp="24 Apr 2018 08:49:10 GMT" time="0.024" errors="0">
  <testcase name="testCase2" time="0.010" classname="com.maven.sample.Practice1"/>
  <testcase name="testCase1" time="0.014" classname="com.maven.sample.Practice1"/>
</testsuite> <!-- com.maven.sample.Practice1 -->
