<?xml version="1.0" encoding="UTF-8"?>
<!-- Generated by org.testng.reporters.JUnitReportReporter -->
<testsuite skipped="0" hostname="rakesh" name="datadriven.CSVHashTable" tests="3" failures="0" timestamp="19 Apr 2018 10:07:26 GMT" time="0.014" errors="0">
  <testcase name="testCSV" time="0.002" classname="datadriven.CSVHashTable"/>
  <testcase name="testCSV" time="0.004" classname="datadriven.CSVHashTable"/>
  <testcase name="testCSV" time="0.008" classname="datadriven.CSVHashTable"/>
</testsuite> <!-- datadriven.CSVHashTable -->
