<?xml version="1.0" encoding="UTF-8"?>
<!-- Generated by org.testng.reporters.JUnitReportReporter -->
<testsuite skipped="0" hostname="rakesh" name="com.maven.sample.SeleniumBase" tests="1" failures="0" timestamp="20 Jun 2018 14:16:37 GMT" time="1.630" errors="0">
  <testcase name="testSeleniumBase" time="1.630" classname="com.maven.sample.SeleniumBase"/>
</testsuite> <!-- com.maven.sample.SeleniumBase -->
