<?xml version="1.0" encoding="UTF-8"?>
<!-- Generated by org.testng.reporters.JUnitReportReporter -->
<testsuite skipped="0" hostname="rakesh" name="appium.Apractice" tests="2" failures="0" timestamp="07 Jul 2018 06:18:52 GMT" time="20.472" errors="0">
  <testcase name="aTestBase" time="20.434" classname="appium.Apractice"/>
  <testcase name="testApractice" time="0.038" classname="appium.Apractice"/>
</testsuite> <!-- appium.Apractice -->
