<?xml version="1.0" encoding="UTF-8"?>
<!-- Generated by org.testng.reporters.JUnitReportReporter -->
<testsuite skipped="0" hostname="rakesh" name="appium.AppiumBase" tests="1" failures="0" timestamp="07 Jun 2018 06:34:40 GMT" time="17.714" errors="0">
  <testcase name="aTestBase" time="17.714" classname="appium.AppiumBase"/>
</testsuite> <!-- appium.AppiumBase -->
