<?xml version="1.0" encoding="UTF-8"?>
<!-- Generated by org.testng.reporters.JUnitReportReporter -->
<testsuite skipped="0" hostname="rakesh" name="datadriven.DataProviderTest" tests="2" failures="0" timestamp="15 May 2018 09:46:58 GMT" time="0.010" errors="0">
  <testcase name="testDataProvider" time="0.008" classname="datadriven.DataProviderTest"/>
  <testcase name="testDataProvider" time="0.002" classname="datadriven.DataProviderTest"/>
</testsuite> <!-- datadriven.DataProviderTest -->
