<?xml version="1.0" encoding="UTF-8"?>
<!-- Generated by org.testng.reporters.JUnitReportReporter -->
<testsuite skipped="0" hostname="rakesh" name="appium.Apractice" tests="1" failures="0" timestamp="08 Jun 2018 10:14:39 GMT" time="55.317" errors="0">
  <testcase name="testApractice" time="55.317" classname="appium.Apractice"/>
</testsuite> <!-- appium.Apractice -->
