<?xml version="1.0" encoding="UTF-8"?>
<!-- Generated by org.testng.reporters.JUnitReportReporter -->
<testsuite skipped="0" hostname="rakesh" name="utils.ResetPWDEmail" tests="1" failures="0" timestamp="27 Apr 2018 13:37:16 GMT" time="15.669" errors="0">
  <testcase name="test" time="15.669" classname="utils.ResetPWDEmail"/>
</testsuite> <!-- utils.ResetPWDEmail -->
