<?xml version="1.0" encoding="UTF-8"?>
<!-- Generated by org.testng.reporters.JUnitReportReporter -->
<testsuite skipped="0" hostname="rakesh" name="com.maven.sample.DataProviderTest" tests="2" failures="0" timestamp="19 Apr 2018 07:28:21 GMT" time="0.012" errors="0">
  <testcase name="testDataProvider" time="0.011" classname="com.maven.sample.DataProviderTest"/>
  <testcase name="testDataProvider" time="0.001" classname="com.maven.sample.DataProviderTest"/>
</testsuite> <!-- com.maven.sample.DataProviderTest -->
