<?xml version="1.0" encoding="UTF-8"?>
<!-- Generated by org.testng.reporters.JUnitReportReporter -->
<testsuite skipped="0" hostname="rakesh" name="datadriven.DataProviderTest" tests="2" failures="0" timestamp="19 Apr 2018 10:08:19 GMT" time="0.011" errors="0">
  <testcase name="testDataProvider" time="0.009" classname="datadriven.DataProviderTest"/>
  <testcase name="testDataProvider" time="0.002" classname="datadriven.DataProviderTest"/>
</testsuite> <!-- datadriven.DataProviderTest -->
