<?xml version="1.0" encoding="UTF-8"?>
<!-- Generated by org.testng.reporters.JUnitReportReporter -->
<testsuite skipped="0" hostname="rakesh" name="com.maven.sample.SendEmail" tests="1" failures="0" timestamp="30 May 2018 06:48:57 GMT" time="4.382" errors="0">
  <testcase name="email" time="4.382" classname="com.maven.sample.SendEmail"/>
</testsuite> <!-- com.maven.sample.SendEmail -->
