<?xml version="1.0" encoding="UTF-8"?>
<!-- Generated by org.testng.reporters.JUnitReportReporter -->
<testsuite skipped="0" hostname="rakesh" name="com.maven.sample.Naukri_Window_Handles" tests="1" failures="0" timestamp="13 Apr 2018 08:52:51 GMT" time="12.053" errors="0">
  <testcase name="closeNaukriWindows" time="12.053" classname="com.maven.sample.Naukri_Window_Handles"/>
</testsuite> <!-- com.maven.sample.Naukri_Window_Handles -->
