<?xml version="1.0" encoding="UTF-8"?>
<!-- Generated by org.testng.reporters.JUnitReportReporter -->
<testsuite skipped="0" hostname="rakesh" name="com.maven.sample.Practice" tests="1" failures="0" timestamp="07 Apr 2018 05:28:15 GMT" time="9.073" errors="0">
  <testcase name="testPractice" time="9.073" classname="com.maven.sample.Practice"/>
</testsuite> <!-- com.maven.sample.Practice -->
