<?xml version="1.0" encoding="UTF-8"?>
<!-- Generated by org.testng.reporters.JUnitReportReporter -->
<testsuite skipped="0" hostname="rakesh" name="utils.PizzaHut" tests="1" failures="0" timestamp="12 Jun 2018 07:02:30 GMT" time="4.891" errors="0">
  <testcase name="demo" time="4.891" classname="utils.PizzaHut"/>
</testsuite> <!-- utils.PizzaHut -->
