<?xml version="1.0" encoding="UTF-8"?>
<!-- Generated by org.testng.reporters.JUnitReportReporter -->
<testsuite skipped="0" hostname="rakesh" name="com.maven.sample.Practice3" tests="1" failures="0" timestamp="27 Apr 2018 11:58:46 GMT" time="0.012" errors="0">
  <testcase name="test" time="0.012" classname="com.maven.sample.Practice3"/>
</testsuite> <!-- com.maven.sample.Practice3 -->
