<?xml version="1.0" encoding="UTF-8"?>
<!-- Generated by org.testng.reporters.JUnitReportReporter -->
<testsuite skipped="0" hostname="rakesh" name="datadriven.HashTable_Test" tests="3" failures="0" timestamp="11 Jun 2018 05:10:54 GMT" time="0.016" errors="0">
  <testcase name="demo" time="0.011" classname="datadriven.HashTable_Test"/>
  <testcase name="demo" time="0.002" classname="datadriven.HashTable_Test"/>
  <testcase name="demo" time="0.003" classname="datadriven.HashTable_Test"/>
</testsuite> <!-- datadriven.HashTable_Test -->
