<?xml version="1.0" encoding="UTF-8"?>
<!-- Generated by org.testng.reporters.JUnitReportReporter -->
<testsuite skipped="0" hostname="rakesh" name="com.maven.sample.Practice2" tests="2" failures="0" timestamp="05 Jul 2018 08:49:59 GMT" time="0.007" errors="0">
  <testcase name="vsevo" time="0.002" classname="com.maven.sample.Practice2"/>
  <testcase name="vevo" time="0.005" classname="com.maven.sample.Practice2"/>
</testsuite> <!-- com.maven.sample.Practice2 -->
