<?xml version="1.0" encoding="UTF-8"?>
<!-- Generated by org.testng.reporters.JUnitReportReporter -->
<testsuite hostname="narasimha-desktop" name="com.maven.sample.App" tests="1" failures="0" timestamp="3 Jan 2018 06:31:52 GMT" time="4.152" errors="0">
  <testcase name="email" time="4.152" classname="com.maven.sample.App"/>
</testsuite> <!-- com.maven.sample.App -->
