<?xml version="1.0" encoding="UTF-8"?>
<!-- Generated by org.testng.reporters.JUnitReportReporter -->
<testsuite skipped="0" hostname="rakesh" name="javascript.JavaScript_Errors" tests="1" failures="0" timestamp="14 Apr 2018 06:48:02 GMT" time="4.403" errors="0">
  <testcase name="testMethod" time="4.403" classname="javascript.JavaScript_Errors"/>
</testsuite> <!-- javascript.JavaScript_Errors -->
