<?xml version="1.0" encoding="UTF-8"?>
<!-- Generated by org.testng.reporters.JUnitReportReporter -->
<testsuite skipped="0" hostname="rakesh" name="com.maven.sample.Practice1" tests="1" failures="0" timestamp="14 Apr 2018 11:40:11 GMT" time="3.607" errors="0">
  <testcase name="test" time="3.607" classname="com.maven.sample.Practice1"/>
</testsuite> <!-- com.maven.sample.Practice1 -->
