<?xml version="1.0" encoding="UTF-8"?>
<!-- Generated by org.testng.reporters.JUnitReportReporter -->
<testsuite skipped="0" hostname="rakesh" name="utils.Gmail_Inbox" tests="1" failures="0" timestamp="07 May 2018 10:35:22 GMT" time="298.185" errors="0">
  <testcase name="test" time="298.185" classname="utils.Gmail_Inbox"/>
</testsuite> <!-- utils.Gmail_Inbox -->
