<?xml version="1.0" encoding="UTF-8"?>
<!-- Generated by org.testng.reporters.JUnitReportReporter -->
<testsuite skipped="1" hostname="rakesh" name="com.maven.sample.HashTable_Test" tests="1" failures="0" timestamp="21 Feb 2018 12:26:47 GMT" time="0.000" errors="0">
  <testcase name="demo" time="0.000" classname="com.maven.sample.HashTable_Test">
    <skipped/>
  </testcase> <!-- demo -->
</testsuite> <!-- com.maven.sample.HashTable_Test -->
