<?xml version="1.0" encoding="UTF-8"?>
<!-- Generated by org.testng.reporters.JUnitReportReporter -->
<testsuite skipped="0" hostname="rakesh" name="pizzahut.Te" tests="3" failures="0" timestamp="12 Jun 2018 06:26:19 GMT" time="0.013" errors="0">
  <testcase name="go" time="0.010" classname="pizzahut.Te"/>
  <testcase name="go" time="0.001" classname="pizzahut.Te"/>
  <testcase name="go" time="0.002" classname="pizzahut.Te"/>
</testsuite> <!-- pizzahut.Te -->
