<?xml version="1.0" encoding="UTF-8"?>
<!-- Generated by org.testng.reporters.JUnitReportReporter -->
<testsuite skipped="0" hostname="rakesh" name="com.maven.sample.Practice2" tests="1" failures="0" timestamp="21 Jun 2018 06:13:28 GMT" time="4.242" errors="0">
  <testcase name="demo" time="4.242" classname="com.maven.sample.Practice2"/>
</testsuite> <!-- com.maven.sample.Practice2 -->
