<?xml version="1.0" encoding="UTF-8"?>
<!-- Generated by org.testng.reporters.JUnitReportReporter -->
<testsuite skipped="0" hostname="rakesh" name="com.maven.sample.Naukri_Window_Handles" tests="1" failures="0" timestamp="10 Apr 2018 09:03:23 GMT" time="4.924" errors="0">
  <testcase name="test_CloseAllWindowsExceptMainWindow" time="4.924" classname="com.maven.sample.Naukri_Window_Handles"/>
</testsuite> <!-- com.maven.sample.Naukri_Window_Handles -->
