<?xml version="1.0" encoding="UTF-8"?>
<!-- Generated by org.testng.reporters.JUnitReportReporter -->
<testsuite skipped="0" hostname="rakesh" name="com.maven.sample.Beehomes_adding" tests="8" failures="0" timestamp="20 Apr 2018 14:44:48 GMT" time="0.019" errors="0">
  <testcase name="use" time="0.001" classname="com.maven.sample.Beehomes_adding"/>
  <testcase name="use" time="0.002" classname="com.maven.sample.Beehomes_adding"/>
  <testcase name="use" time="0.009" classname="com.maven.sample.Beehomes_adding"/>
  <testcase name="use" time="0.002" classname="com.maven.sample.Beehomes_adding"/>
  <testcase name="use" time="0.002" classname="com.maven.sample.Beehomes_adding"/>
  <testcase name="use" time="0.001" classname="com.maven.sample.Beehomes_adding"/>
  <testcase name="use" time="0.001" classname="com.maven.sample.Beehomes_adding"/>
  <testcase name="use" time="0.001" classname="com.maven.sample.Beehomes_adding"/>
</testsuite> <!-- com.maven.sample.Beehomes_adding -->
